ewfacquire 20160424

Device information:
Bus type:				USB
Vendor:					General
Model:					UDisk
Serial:					

Storage media information:
Type:					Device
Media type:				Removable
Media size:				128 MB (128974848 bytes)
Bytes per sector:			512

Acquiry started at: Feb 08, 2018 04:30:40
This could take a while.

Status: at 43.0%
        acquired 52 MiB (55541760 bytes) of total 123 MiB (128974848 bytes)
        completion in 5 second(s) with 13 MiB/s (14330538 bytes/second)

Status: at 91.2%
        acquired 112 MiB (117669888 bytes) of total 123 MiB (128974848 bytes)
        completion in 0 second(s) with 15 MiB/s (16121856 bytes/second)

Acquiry completed at: Feb 08, 2018 04:30:48

Written: 123 MiB (128976320 bytes) in 8 second(s) with 15 MiB/s (16122040 bytes/second)
MD5 hash calculated over data:		78814eea06a9ee943b690014ed2355f9
SHA1 hash calculated over data:		22b7af9c9ca5524896bff935165c9c0c65ea9cbd
ewfacquire: SUCCESS
ewfverify 20160424

Verify started at: Feb 08, 2018 04:30:48
This could take a while.

Verify completed at: Feb 08, 2018 04:30:49

Read: 123 MiB (128974848 bytes) in 1 second(s) with 123 MiB/s (128974848 bytes/second)

MD5 hash stored in file:		78814eea06a9ee943b690014ed2355f9
MD5 hash calculated over data:		78814eea06a9ee943b690014ed2355f9
SHA1 hash stored in file:		22b7af9c9ca5524896bff935165c9c0c65ea9cbd
SHA1 hash calculated over data:		22b7af9c9ca5524896bff935165c9c0c65ea9cbd

ewfverify: SUCCESS
