ewfacquire 20160424

Device information:
Bus type:				USB
Vendor:					General
Model:					UDisk
Serial:					

Storage media information:
Type:					Device
Media type:				Removable
Media size:				128 MB (128974848 bytes)
Bytes per sector:			512

Acquiry started at: Jan 22, 2018 23:14:09
This could take a while.

Status: at 45.6%
        acquired 56 MiB (58884096 bytes) of total 123 MiB (128974848 bytes)
        completion in 4 second(s) with 15 MiB/s (16121856 bytes/second)

Status: at 93.8%
        acquired 115 MiB (121077760 bytes) of total 123 MiB (128974848 bytes)
        completion in 0 second(s) with 15 MiB/s (16121856 bytes/second)

Acquiry completed at: Jan 22, 2018 23:14:17

Written: 123 MiB (128976320 bytes) in 8 second(s) with 15 MiB/s (16122040 bytes/second)
MD5 hash calculated over data:		caeec23b92f50f05ac9c103883b9cc78
SHA1 hash calculated over data:		e98d95a3ed3411069a3a14116736e52a10b572a5
ewfacquire: SUCCESS
ewfverify 20160424

Verify started at: Jan 22, 2018 23:14:17
This could take a while.

Verify completed at: Jan 22, 2018 23:14:17

Read: 123 MiB (128974848 bytes) in 0 second(s)

MD5 hash stored in file:		caeec23b92f50f05ac9c103883b9cc78
MD5 hash calculated over data:		caeec23b92f50f05ac9c103883b9cc78
SHA1 hash stored in file:		e98d95a3ed3411069a3a14116736e52a10b572a5
SHA1 hash calculated over data:		e98d95a3ed3411069a3a14116736e52a10b572a5

ewfverify: SUCCESS
