ewfacquire 20160424

Device information:
Bus type:				USB
Vendor:					General
Model:					UDisk
Serial:					

Storage media information:
Type:					Device
Media type:				Removable
Media size:				128 MB (128974848 bytes)
Bytes per sector:			512

Acquiry started at: Jan 22, 2018 23:00:44
This could take a while.

Status: at 46.5%
        acquired 57 MiB (59998208 bytes) of total 123 MiB (128974848 bytes)
        completion in 4 second(s) with 15 MiB/s (16121856 bytes/second)

Status: at 94.6%
        acquired 116 MiB (122126336 bytes) of total 123 MiB (128974848 bytes)
        completion in 0 second(s) with 15 MiB/s (16121856 bytes/second)

Acquiry completed at: Jan 22, 2018 23:00:52

Written: 123 MiB (128976320 bytes) in 8 second(s) with 15 MiB/s (16122040 bytes/second)
MD5 hash calculated over data:		0a393cc010b433a737d78325abde5642
SHA1 hash calculated over data:		ab44473fae4c87514b29ed65bdf41e749dbc442a
ewfacquire: SUCCESS
ewfverify 20160424

Verify started at: Jan 22, 2018 23:00:52
This could take a while.

Verify completed at: Jan 22, 2018 23:00:52

Read: 123 MiB (128974848 bytes) in 0 second(s)

MD5 hash stored in file:		0a393cc010b433a737d78325abde5642
MD5 hash calculated over data:		0a393cc010b433a737d78325abde5642
SHA1 hash stored in file:		ab44473fae4c87514b29ed65bdf41e749dbc442a
SHA1 hash calculated over data:		ab44473fae4c87514b29ed65bdf41e749dbc442a

ewfverify: SUCCESS
