*************************
Imager Command Line
*************************
ewfacquire -uC "INF8901" -E "20180122_0128USB07" -e "Alexandre Jouy" -D "+X+Y+W-Y+K-W+Y" -c best -N none -f encase7 /dev/sdf -S 7.9EiB -d sha1 -t /media/HDD_BLEU_3.0/20180122_0128USB07/20180122_0128USB07 -l /media/HDD_BLEU_3.0/20180122_0128USB07/20180122_0128USB07.log


*************************
Time
*************************
Start Time : Jan-22-2018 23:00:44
End Time : Jan-22-2018 23:00:52



*************************
Source Device Info
*************************



*************************
Imager Logs
*************************
MD5 hash calculated over data:		0a393cc010b433a737d78325abde5642
SHA1 hash calculated over data:		ab44473fae4c87514b29ed65bdf41e749dbc442a



*************************
Verification
*************************
MD5 hash stored in file:		0a393cc010b433a737d78325abde5642
MD5 hash calculated over data:		0a393cc010b433a737d78325abde5642
SHA1 hash stored in file:		ab44473fae4c87514b29ed65bdf41e749dbc442a
SHA1 hash calculated over data:		ab44473fae4c87514b29ed65bdf41e749dbc442a



