*************************
Imager Command Line
*************************
ewfacquire -uC "INF8901" -E "20180122_0128USB00" -e "Alexandre Jouy" -D "Phase initiale" -c best -N none -f encase7 /dev/sdf -S 7.9EiB -d sha1 -t /media/HDD_BLEU_3.0/20180122_0128USB00/20180122_0128USB00 -l /media/HDD_BLEU_3.0/20180122_0128USB00/20180122_0128USB00.log


*************************
Time
*************************
Start Time : Jan-22-2018 22:30:30
End Time : Jan-22-2018 22:30:38



*************************
Source Device Info
*************************



*************************
Imager Logs
*************************
MD5 hash calculated over data:		9afa34c0e63b5f7f7c4267e0f104a13b
SHA1 hash calculated over data:		52849f413e7dcc0adb5486bd1fbdf570496979d7



*************************
Verification
*************************
MD5 hash stored in file:		9afa34c0e63b5f7f7c4267e0f104a13b
MD5 hash calculated over data:		9afa34c0e63b5f7f7c4267e0f104a13b
SHA1 hash stored in file:		52849f413e7dcc0adb5486bd1fbdf570496979d7
SHA1 hash calculated over data:		52849f413e7dcc0adb5486bd1fbdf570496979d7



