*************************
Imager Command Line
*************************
ewfacquire -uC "INF8901" -E "20180314_0128USB19" -e "Alexandre Jouy" -D "Formattage + 5k files +2k files" -c best -N none -f encase7 /dev/sde -S 7.9EiB -d sha1 -t /media/HDD_BLEU_3.0/20180314_0128USB19/20180314_0128USB19 -l /media/HDD_BLEU_3.0/20180314_0128USB19/20180314_0128USB19.log


*************************
Time
*************************
Start Time : Mar-15-2018 00:18:02
End Time : Mar-15-2018 00:18:11



*************************
Source Device Info
*************************



*************************
Imager Logs
*************************
MD5 hash calculated over data:		7acea5d3b9fd93dbdbcf57d5d7297d1c
SHA1 hash calculated over data:		f4a99d060f943a486c5cbe864f03d3e7f3d1a04b



*************************
Verification
*************************
MD5 hash stored in file:		7acea5d3b9fd93dbdbcf57d5d7297d1c
MD5 hash calculated over data:		7acea5d3b9fd93dbdbcf57d5d7297d1c
SHA1 hash stored in file:		f4a99d060f943a486c5cbe864f03d3e7f3d1a04b
SHA1 hash calculated over data:		f4a99d060f943a486c5cbe864f03d3e7f3d1a04b



