ewfacquire 20160424

Device information:
Bus type:				USB
Vendor:					General
Model:					UDisk
Serial:					

Storage media information:
Type:					Device
Media type:				Removable
Media size:				130 MB (130023424 bytes)
Bytes per sector:			512

Acquiry started at: Mar 15, 2018 00:18:02
This could take a while.

Status: at 35.9%
        acquired 44 MiB (46792704 bytes) of total 124 MiB (130023424 bytes)
        completion in 7 second(s) with 11 MiB/s (11820311 bytes/second)

Status: at 84.4%
        acquired 104 MiB (109805568 bytes) of total 124 MiB (130023424 bytes)
        completion in 1 second(s) with 13 MiB/s (14447047 bytes/second)

Acquiry completed at: Mar 15, 2018 00:18:11

Written: 124 MiB (130024896 bytes) in 9 second(s) with 13 MiB/s (14447210 bytes/second)
MD5 hash calculated over data:		7acea5d3b9fd93dbdbcf57d5d7297d1c
SHA1 hash calculated over data:		f4a99d060f943a486c5cbe864f03d3e7f3d1a04b
ewfacquire: SUCCESS
ewfverify 20160424

Verify started at: Mar 15, 2018 00:18:11
This could take a while.

Verify completed at: Mar 15, 2018 00:18:11

Read: 124 MiB (130023424 bytes) in 0 second(s)

MD5 hash stored in file:		7acea5d3b9fd93dbdbcf57d5d7297d1c
MD5 hash calculated over data:		7acea5d3b9fd93dbdbcf57d5d7297d1c
SHA1 hash stored in file:		f4a99d060f943a486c5cbe864f03d3e7f3d1a04b
SHA1 hash calculated over data:		f4a99d060f943a486c5cbe864f03d3e7f3d1a04b

ewfverify: SUCCESS
