ewfacquire 20160424

Device information:
Bus type:				USB
Vendor:					General
Model:					UDisk
Serial:					

Storage media information:
Type:					Device
Media type:				Removable
Media size:				128 MB (128974848 bytes)
Bytes per sector:			512

Acquiry started at: Apr 03, 2018 23:58:55
This could take a while.

Status: at 38.9%
        acquired 47 MiB (50298880 bytes) of total 123 MiB (128974848 bytes)
        completion in 6 second(s) with 12 MiB/s (12897484 bytes/second)

Status: at 87.3%
        acquired 107 MiB (112689152 bytes) of total 123 MiB (128974848 bytes)
        completion in 1 second(s) with 13 MiB/s (14330538 bytes/second)

Acquiry completed at: Apr 03, 2018 23:59:04

Written: 123 MiB (128976320 bytes) in 9 second(s) with 13 MiB/s (14330702 bytes/second)
MD5 hash calculated over data:		72b03c7456d3574413d724e45a127d13
SHA1 hash calculated over data:		08f828f4eae491677626a119dd2633ac429e05c2
ewfacquire: SUCCESS
ewfverify 20160424

Verify started at: Apr 03, 2018 23:59:04
This could take a while.

Verify completed at: Apr 03, 2018 23:59:04

Read: 123 MiB (128974848 bytes) in 0 second(s)

MD5 hash stored in file:		72b03c7456d3574413d724e45a127d13
MD5 hash calculated over data:		72b03c7456d3574413d724e45a127d13
SHA1 hash stored in file:		08f828f4eae491677626a119dd2633ac429e05c2
SHA1 hash calculated over data:		08f828f4eae491677626a119dd2633ac429e05c2

ewfverify: SUCCESS
