ewfacquire 20160424

Device information:
Bus type:				USB
Vendor:					General
Model:					UDisk
Serial:					

Storage media information:
Type:					Device
Media type:				Removable
Media size:				128 MB (128974848 bytes)
Bytes per sector:			512

Acquiry started at: Jan 22, 2018 22:58:13
This could take a while.

Status: at 39.3%
        acquired 48 MiB (50724864 bytes) of total 123 MiB (128974848 bytes)
        completion in 6 second(s) with 12 MiB/s (12897484 bytes/second)

Status: at 87.5%
        acquired 107 MiB (112951296 bytes) of total 123 MiB (128974848 bytes)
        completion in 1 second(s) with 13 MiB/s (14330538 bytes/second)

Acquiry completed at: Jan 22, 2018 22:58:22

Written: 123 MiB (128976320 bytes) in 9 second(s) with 13 MiB/s (14330702 bytes/second)
MD5 hash calculated over data:		33aead980e7e5441600eedcb5d766a22
SHA1 hash calculated over data:		1c74afc0f236d75af3658eaeb8d1cab7efa535d7
ewfacquire: SUCCESS
ewfverify 20160424

Verify started at: Jan 22, 2018 22:58:22
This could take a while.

Verify completed at: Jan 22, 2018 22:58:22

Read: 123 MiB (128974848 bytes) in 0 second(s)

MD5 hash stored in file:		33aead980e7e5441600eedcb5d766a22
MD5 hash calculated over data:		33aead980e7e5441600eedcb5d766a22
SHA1 hash stored in file:		1c74afc0f236d75af3658eaeb8d1cab7efa535d7
SHA1 hash calculated over data:		1c74afc0f236d75af3658eaeb8d1cab7efa535d7

ewfverify: SUCCESS
