*************************
Imager Command Line
*************************
ewfacquire -uC "INF8901" -E "20180122_0128USB06" -e "Alexandre Jouy" -D "+X+Y+W-Y+K-W" -c best -N none -f encase7 /dev/sdf -S 7.9EiB -d sha1 -t /media/HDD_BLEU_3.0/20180122_0128USB06/20180122_0128USB06 -l /media/HDD_BLEU_3.0/20180122_0128USB06/20180122_0128USB06.log


*************************
Time
*************************
Start Time : Jan-22-2018 22:58:13
End Time : Jan-22-2018 22:58:22



*************************
Source Device Info
*************************



*************************
Imager Logs
*************************
MD5 hash calculated over data:		33aead980e7e5441600eedcb5d766a22
SHA1 hash calculated over data:		1c74afc0f236d75af3658eaeb8d1cab7efa535d7



*************************
Verification
*************************
MD5 hash stored in file:		33aead980e7e5441600eedcb5d766a22
MD5 hash calculated over data:		33aead980e7e5441600eedcb5d766a22
SHA1 hash stored in file:		1c74afc0f236d75af3658eaeb8d1cab7efa535d7
SHA1 hash calculated over data:		1c74afc0f236d75af3658eaeb8d1cab7efa535d7



