*************************
Imager Command Line
*************************
ewfacquire -uC "INF8901" -E "20180122_0128USB12" -e "Alexandre Jouy" -D "+X+Y+W-Y+K-W+Y+Z+dossier+séquence dossier+suppr dossier+ZKWYX" -c best -N none -f encase7 /dev/sdf -S 7.9EiB -d sha1 -t /media/HDD_BLEU_3.0/20180122_0128USB12/20180122_0128USB12 -l /media/HDD_BLEU_3.0/20180122_0128USB12/20180122_0128USB12.log


*************************
Time
*************************
Start Time : Jan-22-2018 23:16:38
End Time : Jan-22-2018 23:16:46



*************************
Source Device Info
*************************



*************************
Imager Logs
*************************
MD5 hash calculated over data:		481b66e4a0b65936e1749159dc2d9f97
SHA1 hash calculated over data:		ca9d771e29ce315267a0bdb38f642e3a6d0f6736



*************************
Verification
*************************
MD5 hash stored in file:		481b66e4a0b65936e1749159dc2d9f97
MD5 hash calculated over data:		481b66e4a0b65936e1749159dc2d9f97
SHA1 hash stored in file:		ca9d771e29ce315267a0bdb38f642e3a6d0f6736
SHA1 hash calculated over data:		ca9d771e29ce315267a0bdb38f642e3a6d0f6736



