ewfacquire 20160424

Device information:
Bus type:				USB
Vendor:					General
Model:					UDisk
Serial:					

Storage media information:
Type:					Device
Media type:				Removable
Media size:				128 MB (128974848 bytes)
Bytes per sector:			512

Acquiry started at: Jan 22, 2018 23:16:38
This could take a while.

Status: at 46.7%
        acquired 57 MiB (60260352 bytes) of total 123 MiB (128974848 bytes)
        completion in 4 second(s) with 15 MiB/s (16121856 bytes/second)

Status: at 94.8%
        acquired 116 MiB (122388480 bytes) of total 123 MiB (128974848 bytes)
        completion in 0 second(s) with 15 MiB/s (16121856 bytes/second)

Acquiry completed at: Jan 22, 2018 23:16:46

Written: 123 MiB (128976320 bytes) in 8 second(s) with 15 MiB/s (16122040 bytes/second)
MD5 hash calculated over data:		481b66e4a0b65936e1749159dc2d9f97
SHA1 hash calculated over data:		ca9d771e29ce315267a0bdb38f642e3a6d0f6736
ewfacquire: SUCCESS
ewfverify 20160424

Verify started at: Jan 22, 2018 23:16:46
This could take a while.

Verify completed at: Jan 22, 2018 23:16:46

Read: 123 MiB (128974848 bytes) in 0 second(s)

MD5 hash stored in file:		481b66e4a0b65936e1749159dc2d9f97
MD5 hash calculated over data:		481b66e4a0b65936e1749159dc2d9f97
SHA1 hash stored in file:		ca9d771e29ce315267a0bdb38f642e3a6d0f6736
SHA1 hash calculated over data:		ca9d771e29ce315267a0bdb38f642e3a6d0f6736

ewfverify: SUCCESS
