ewfacquire 20160424

Device information:
Bus type:				USB
Vendor:					General
Model:					UDisk
Serial:					

Storage media information:
Type:					Device
Media type:				Removable
Media size:				128 MB (128974848 bytes)
Bytes per sector:			512

Acquiry started at: Jan 22, 2018 22:47:41
This could take a while.

Status: at 41.2%
        acquired 50 MiB (53182464 bytes) of total 123 MiB (128974848 bytes)
        completion in 5 second(s) with 13 MiB/s (14330538 bytes/second)

Status: at 89.4%
        acquired 109 MiB (115310592 bytes) of total 123 MiB (128974848 bytes)
        completion in 0 second(s) with 15 MiB/s (16121856 bytes/second)

Acquiry completed at: Jan 22, 2018 22:47:49

Written: 123 MiB (128976320 bytes) in 8 second(s) with 15 MiB/s (16122040 bytes/second)
MD5 hash calculated over data:		0bb6b70ce3a76ac8221562c3fd3b3d3a
SHA1 hash calculated over data:		519931e71617ef2bb359375899626bba94c3d4cf
ewfacquire: SUCCESS
ewfverify 20160424

Verify started at: Jan 22, 2018 22:47:49
This could take a while.

Verify completed at: Jan 22, 2018 22:47:50

Read: 123 MiB (128974848 bytes) in 1 second(s) with 123 MiB/s (128974848 bytes/second)

MD5 hash stored in file:		0bb6b70ce3a76ac8221562c3fd3b3d3a
MD5 hash calculated over data:		0bb6b70ce3a76ac8221562c3fd3b3d3a
SHA1 hash stored in file:		519931e71617ef2bb359375899626bba94c3d4cf
SHA1 hash calculated over data:		519931e71617ef2bb359375899626bba94c3d4cf

ewfverify: SUCCESS
