ewfacquire 20160424

Device information:
Bus type:				USB
Vendor:					General
Model:					UDisk
Serial:					

Storage media information:
Type:					Device
Media type:				Removable
Media size:				128 MB (128974848 bytes)
Bytes per sector:			512

Acquiry started at: Jan 22, 2018 23:02:49
This could take a while.

Status: at 44.4%
        acquired 54 MiB (57376768 bytes) of total 123 MiB (128974848 bytes)
        completion in 4 second(s) with 15 MiB/s (16121856 bytes/second)

Status: at 92.6%
        acquired 113 MiB (119504896 bytes) of total 123 MiB (128974848 bytes)
        completion in 0 second(s) with 15 MiB/s (16121856 bytes/second)

Acquiry completed at: Jan 22, 2018 23:02:57

Written: 123 MiB (128976320 bytes) in 8 second(s) with 15 MiB/s (16122040 bytes/second)
MD5 hash calculated over data:		d0f6bc942314ffc4bae5ff32fe5749c7
SHA1 hash calculated over data:		427361dcb818f4ffbc2879b07884347d881dff43
ewfacquire: SUCCESS
ewfverify 20160424

Verify started at: Jan 22, 2018 23:02:57
This could take a while.

Verify completed at: Jan 22, 2018 23:02:57

Read: 123 MiB (128974848 bytes) in 0 second(s)

MD5 hash stored in file:		d0f6bc942314ffc4bae5ff32fe5749c7
MD5 hash calculated over data:		d0f6bc942314ffc4bae5ff32fe5749c7
SHA1 hash stored in file:		427361dcb818f4ffbc2879b07884347d881dff43
SHA1 hash calculated over data:		427361dcb818f4ffbc2879b07884347d881dff43

ewfverify: SUCCESS
