ewfacquire 20160424

Device information:
Bus type:				USB
Vendor:					General
Model:					UDisk
Serial:					

Storage media information:
Type:					Device
Media type:				Removable
Media size:				128 MB (128974848 bytes)
Bytes per sector:			512

Acquiry started at: Jan 22, 2018 23:07:08
This could take a while.

Status: at 43.8%
        acquired 53 MiB (56590336 bytes) of total 123 MiB (128974848 bytes)
        completion in 5 second(s) with 13 MiB/s (14330538 bytes/second)

Status: at 92.0%
        acquired 113 MiB (118718464 bytes) of total 123 MiB (128974848 bytes)
        completion in 0 second(s) with 15 MiB/s (16121856 bytes/second)

Acquiry completed at: Jan 22, 2018 23:07:16

Written: 123 MiB (128976320 bytes) in 8 second(s) with 15 MiB/s (16122040 bytes/second)
MD5 hash calculated over data:		ea2ebe9c18daed59a60c5b1077798011
SHA1 hash calculated over data:		3df3bc19347a5528150b61cce20848b87219e112
ewfacquire: SUCCESS
ewfverify 20160424

Verify started at: Jan 22, 2018 23:07:16
This could take a while.

Verify completed at: Jan 22, 2018 23:07:17

Read: 123 MiB (128974848 bytes) in 1 second(s) with 123 MiB/s (128974848 bytes/second)

MD5 hash stored in file:		ea2ebe9c18daed59a60c5b1077798011
MD5 hash calculated over data:		ea2ebe9c18daed59a60c5b1077798011
SHA1 hash stored in file:		3df3bc19347a5528150b61cce20848b87219e112
SHA1 hash calculated over data:		3df3bc19347a5528150b61cce20848b87219e112

ewfverify: SUCCESS
