*************************
Imager Command Line
*************************
ewfacquire -uC "INF8901" -E "20180122_0128USB09" -e "Alexandre Jouy" -D "+X+Y+W-Y+K-W+Y+Z+dossier" -c best -N none -f encase7 /dev/sdf -S 7.9EiB -d sha1 -t /media/HDD_BLEU_3.0/20180122_0128USB09/20180122_0128USB09 -l /media/HDD_BLEU_3.0/20180122_0128USB09/20180122_0128USB09.log


*************************
Time
*************************
Start Time : Jan-22-2018 23:07:08
End Time : Jan-22-2018 23:07:16



*************************
Source Device Info
*************************



*************************
Imager Logs
*************************
MD5 hash calculated over data:		ea2ebe9c18daed59a60c5b1077798011
SHA1 hash calculated over data:		3df3bc19347a5528150b61cce20848b87219e112



*************************
Verification
*************************
MD5 hash stored in file:		ea2ebe9c18daed59a60c5b1077798011
MD5 hash calculated over data:		ea2ebe9c18daed59a60c5b1077798011
SHA1 hash stored in file:		3df3bc19347a5528150b61cce20848b87219e112
SHA1 hash calculated over data:		3df3bc19347a5528150b61cce20848b87219e112



