*************************
Imager Command Line
*************************
ewfacquire -uC "INF8901" -E "20180122_0128USB10" -e "Alexandre Jouy" -D "+X+Y+W-Y+K-W+Y+Z+dossier+séquence dossier" -c best -N none -f encase7 /dev/sdf -S 7.9EiB -d sha1 -t /media/HDD_BLEU_3.0/20180122_0128USB10/20180122_0128USB10 -l /media/HDD_BLEU_3.0/20180122_0128USB10/20180122_0128USB10.log


*************************
Time
*************************
Start Time : Jan-22-2018 23:11:42
End Time : Jan-22-2018 23:11:51



*************************
Source Device Info
*************************



*************************
Imager Logs
*************************
MD5 hash calculated over data:		0964fdcac4764e05e8daf021c8c3d02a
SHA1 hash calculated over data:		47fe57a88fa9d4354595da1604d9c30af22aa575



*************************
Verification
*************************
MD5 hash stored in file:		0964fdcac4764e05e8daf021c8c3d02a
MD5 hash calculated over data:		0964fdcac4764e05e8daf021c8c3d02a
SHA1 hash stored in file:		47fe57a88fa9d4354595da1604d9c30af22aa575
SHA1 hash calculated over data:		47fe57a88fa9d4354595da1604d9c30af22aa575



